<?xml version="1.0" encoding="UTF-8"?>
<!-- Generated by org.testng.reporters.JUnitReportReporter -->
<testsuite hostname="PL-IN-PF4G39A5" failures="0" tests="1" name="Test.Webtableuse" time="0.060" errors="0" timestamp="2024-05-26T23:26:05 GMT-07:00" skipped="0">
  <testcase classname="Test.Webtableuse" name="runTest" time="0.060"/>
  <system-out/>
</testsuite> <!-- Test.Webtableuse -->
