<?xml version="1.0" encoding="UTF-8"?>
<!-- Generated by org.testng.reporters.JUnitReportReporter -->
<testsuite hostname="PL-IN-PF4G39A5" failures="0" tests="1" name="Test.Annotations" time="0.006" errors="0" timestamp="2024-06-08T23:02:41 GMT-07:00" skipped="0">
  <testcase classname="Test.Annotations" name="created" time="0.006"/>
  <system-out>
    <![CDATA[customer created]]>
  </system-out>
</testsuite> <!-- Test.Annotations -->
