<?xml version="1.0" encoding="UTF-8"?>
<!-- Generated by org.testng.reporters.JUnitReportReporter -->
<testsuite hostname="PL-IN-PF4G39A5" failures="0" tests="1" name="Test.Browser" time="0.158" errors="0" timestamp="2024-05-26T21:35:47 GMT-07:00" skipped="0">
  <testcase classname="Test.Browser" name="testConditons" time="0.158"/>
  <system-out/>
</testsuite> <!-- Test.Browser -->
