<?xml version="1.0" encoding="UTF-8"?>
<!-- Generated by org.testng.reporters.JUnitReportReporter -->
<testsuite hostname="PL-IN-PF4G39A5" failures="0" tests="4" name="Test.Demo5" time="0.013" errors="0" timestamp="2024-06-08T01:05:19 GMT-07:00" skipped="0">
  <testcase classname="Test.Demo5" name="create" time="0.010"/>
  <system-out>
    <![CDATA[hello]]>
  </system-out>
  <testcase classname="Test.Demo5" name="delete" time="0.001"/>
  <system-out>
    <![CDATA[bye]]>
  </system-out>
  <testcase classname="Test.Demo5" name="update" time="0.001"/>
  <system-out>
    <![CDATA[tata]]>
  </system-out>
  <testcase classname="Test.Demo5" name="add" time="0.001"/>
  <system-out>
    <![CDATA[sanika]]>
  </system-out>
</testsuite> <!-- Test.Demo5 -->
