<?xml version="1.0" encoding="UTF-8"?>
<!-- Generated by org.testng.reporters.JUnitReportReporter -->
<testsuite hostname="PL-IN-PF4G39A5" failures="0" tests="1" name="Test.Demo" time="0.006" errors="0" timestamp="2024-06-08T01:05:03 GMT-07:00" skipped="0">
  <testcase classname="Test.Demo" name="add" time="0.006"/>
  <system-out>
    <![CDATA[sanika]]>
  </system-out>
</testsuite> <!-- Test.Demo -->
