<?xml version="1.0" encoding="UTF-8"?>
<!-- Generated by org.testng.reporters.JUnitReportReporter -->
<testsuite hostname="PL-IN-PF4G39A5" failures="0" tests="1" name="Test.Multiplerows" time="19.400" errors="0" timestamp="2024-05-27T00:20:53 GMT-07:00" skipped="0">
  <testcase classname="Test.Multiplerows" name="testCondition" time="19.400"/>
  <system-out/>
</testsuite> <!-- Test.Multiplerows -->
